<?xml version="1.0" encoding="UTF-8"?>
<!-- Generated by org.testng.reporters.JUnitReportReporter -->
<testsuite hostname="Gulshan" failures="0" tests="1" name="practice.DataDrivenTesting.ReadDataFromTestNGXMLTest" time="6.647" errors="0" timestamp="18 May 2024 09:47:14 GMT" skipped="0">
  <testcase classname="practice.DataDrivenTesting.ReadDataFromTestNGXMLTest" name="seleniumTest" time="6.647"/>
</testsuite> <!-- practice.DataDrivenTesting.ReadDataFromTestNGXMLTest -->
