<?xml version="1.0" encoding="UTF-8"?>
<!-- Generated by org.testng.reporters.JUnitReportReporter -->
<testsuite hostname="Gulshan" failures="0" tests="1" name="practice.DataDrivenTesting.ExecuteNonSelectQueryTest" time="0.380" errors="0" timestamp="03 May 2024 07:28:29 GMT" skipped="0">
  <testcase classname="practice.DataDrivenTesting.ExecuteNonSelectQueryTest" name="nonSelectQuery" time="0.380"/>
</testsuite> <!-- practice.DataDrivenTesting.ExecuteNonSelectQueryTest -->
