<?xml version="1.0" encoding="UTF-8"?>
<!-- Generated by org.testng.reporters.JUnitReportReporter -->
<testsuite hostname="Gulshan" failures="0" tests="1" name="practice.DataDrivenTesting.ExecuteSelectQueryTest" time="0.430" errors="0" timestamp="03 May 2024 07:28:50 GMT" skipped="0">
  <testcase classname="practice.DataDrivenTesting.ExecuteSelectQueryTest" name="jdbcConnection" time="0.430"/>
</testsuite> <!-- practice.DataDrivenTesting.ExecuteSelectQueryTest -->
