<?xml version="1.0" encoding="UTF-8"?>
<!-- Generated by org.testng.reporters.JUnitReportReporter -->
<testsuite hostname="Gulshan" failures="0" tests="1" name="practice.Basics.ActionsClassMethod" time="8.627" errors="0" timestamp="15 May 2024 03:59:59 GMT" skipped="0">
  <testcase classname="practice.Basics.ActionsClassMethod" name="scroll" time="8.627"/>
</testsuite> <!-- practice.Basics.ActionsClassMethod -->
